<?xml version="1.0" encoding="UTF-8"?>
<!-- Generated by org.testng.reporters.JUnitReportReporter -->
<testsuite hostname="waltz.ee.ryerson.ca" failures="0" tests="3" name="assignments.q5p2" time="32.541" errors="0" timestamp="2025-03-06T14:55:46 EST" skipped="0">
  <testcase classname="assignments.q5p2" name="launchGoogle" time="1.541"/>
  <system-out/>
  <testcase classname="assignments.q5p2" name="performSearchAndClickFirstLink" time="30.992"/>
  <system-out/>
  <testcase classname="assignments.q5p2" name="verifyFacebookPageTitle" time="0.008"/>
  <system-out/>
</testsuite> <!-- assignments.q5p2 -->
