<?xml version="1.0" encoding="UTF-8"?>
<!-- Generated by org.testng.reporters.JUnitReportReporter -->
<testsuite hostname="waltz.ee.ryerson.ca" failures="0" tests="1" name="assignments.q7" time="28.674" errors="0" timestamp="2025-03-06T14:58:57 EST" skipped="0">
  <testcase classname="assignments.q7" name="loginAndVerify" time="28.674"/>
  <system-out/>
</testsuite> <!-- assignments.q7 -->
