<?xml version="1.0" encoding="UTF-8"?>
<!-- Generated by org.testng.reporters.JUnitReportReporter -->
<testsuite hostname="waltz.ee.ryerson.ca" failures="0" tests="1" name="assignments.q2" time="7.979" errors="0" timestamp="2025-03-06T14:50:23 EST" skipped="0">
  <testcase classname="assignments.q2" name="verifyHomepageTitle" time="7.979"/>
  <system-out/>
</testsuite> <!-- assignments.q2 -->
