<?xml version="1.0" encoding="UTF-8"?>
<!-- Generated by org.testng.reporters.JUnitReportReporter -->
<testsuite hostname="waltz.ee.ryerson.ca" failures="0" tests="3" name="assignments.q6" time="39.641" errors="0" timestamp="2025-03-06T14:57:46 EST" skipped="0">
  <testcase classname="assignments.q6" name="executeSessionOne" time="13.425"/>
  <system-out/>
  <testcase classname="assignments.q6" name="executeSessionTwo" time="12.756"/>
  <system-out/>
  <testcase classname="assignments.q6" name="executeSessionThree" time="13.460"/>
  <system-out/>
</testsuite> <!-- assignments.q6 -->
