<?xml version="1.0" encoding="UTF-8"?>
<!-- Generated by org.testng.reporters.JUnitReportReporter -->
<testsuite hostname="waltz.ee.ryerson.ca" failures="0" tests="5" name="assignments.q1" time="0.012" errors="0" timestamp="2025-03-06T14:49:41 EST" skipped="0">
  <testcase classname="assignments.q1" name="c_method" time="0.001"/>
  <system-out/>
  <testcase classname="assignments.q1" name="b_method" time="0.007"/>
  <system-out/>
  <testcase classname="assignments.q1" name="e_method" time="0.001"/>
  <system-out/>
  <testcase classname="assignments.q1" name="d_method" time="0.001"/>
  <system-out/>
  <testcase classname="assignments.q1" name="a_method" time="0.002"/>
  <system-out/>
</testsuite> <!-- assignments.q1 -->
