<?xml version="1.0" encoding="UTF-8"?>
<!-- Generated by org.testng.reporters.JUnitReportReporter -->
<testsuite hostname="waltz.ee.ryerson.ca" failures="0" tests="5" name="assignments.q5p1" time="38.575" errors="0" timestamp="2025-03-06T14:52:24 EST" skipped="0">
  <testcase classname="assignments.q5p1" name="openBrowser" time="4.529"/>
  <system-out/>
  <testcase classname="assignments.q5p1" name="launchGoogle" time="1.792"/>
  <system-out/>
  <testcase classname="assignments.q5p1" name="performSearchAndClickFirstLink" time="31.008"/>
  <system-out/>
  <testcase classname="assignments.q5p1" name="verifyFacebookPageTitle" time="0.009"/>
  <system-out/>
  <testcase classname="assignments.q5p1" name="closeBrowser" time="1.237"/>
  <system-out/>
</testsuite> <!-- assignments.q5p1 -->
