<?xml version="1.0" encoding="UTF-8"?>
<!-- Generated by org.testng.reporters.JUnitReportReporter -->
<testsuite hostname="cmp32.ee.ryerson.ca" failures="0" tests="1" name="trial.FirstTestNGFile" time="10.806" errors="0" timestamp="2025-03-04T12:02:14 EST" skipped="0">
  <testcase classname="trial.FirstTestNGFile" name="verifyHomepageTitle" time="10.806"/>
  <system-out/>
</testsuite> <!-- trial.FirstTestNGFile -->
