<?xml version="1.0" encoding="UTF-8"?>
<!-- Generated by org.testng.reporters.JUnitReportReporter -->
<testsuite hostname="waltz.ee.ryerson.ca" failures="0" tests="1" name="assignments.q3" time="0.027" errors="0" timestamp="2025-03-06T14:50:36 EST" skipped="0">
  <testcase classname="assignments.q3" name="verifyEmailFieldTagName" time="0.027"/>
  <system-out/>
</testsuite> <!-- assignments.q3 -->
