<?xml version="1.0" encoding="UTF-8"?>
<!-- Generated by org.testng.reporters.JUnitReportReporter -->
<testsuite hostname="waltz.ee.ryerson.ca" failures="0" tests="1" name="assignments.q4" time="0.795" errors="0" timestamp="2025-03-06T14:51:35 EST" skipped="0">
  <testcase classname="assignments.q4" name="completeTodoListTest" time="0.795"/>
  <system-out/>
</testsuite> <!-- assignments.q4 -->
